<?xml version="1.0" encoding="UTF-8"?>
<testsuite xmlns:xsi="http://www.w3.org/2001/XMLSchema-instance" xsi:noNamespaceSchemaLocation="https://maven.apache.org/surefire/maven-surefire-plugin/xsd/surefire-test-report.xsd" name="org.apache.pdfbox.examples.pdfa.CreatePDFATest" time="0.278" tests="1" errors="0" skipped="0" failures="0">
  <properties>
    <property name="gopherProxySet" value="false"/>
    <property name="awt.toolkit" value="sun.lwawt.macosx.LWCToolkit"/>
    <property name="file.encoding.pkg" value="sun.io"/>
    <property name="java.specification.version" value="1.8"/>
    <property name="sun.cpu.isalist" value=""/>
    <property name="sun.jnu.encoding" value="UTF-8"/>
    <property name="java.class.path" value="/Users/margaretwalter/Desktop/Projects/PeerReview/lib/pdfbox-2.0.15/examples/target/test-classes:/Users/margaretwalter/Desktop/Projects/PeerReview/lib/pdfbox-2.0.15/examples/target/classes:/Users/margaretwalter/.m2/repository/org/bouncycastle/bcmail-jdk15on/1.60/bcmail-jdk15on-1.60.jar:/Users/margaretwalter/.m2/repository/org/bouncycastle/bcprov-jdk15on/1.60/bcprov-jdk15on-1.60.jar:/Users/margaretwalter/.m2/repository/org/bouncycastle/bcpkix-jdk15on/1.60/bcpkix-jdk15on-1.60.jar:/Users/margaretwalter/Desktop/Projects/PeerReview/lib/pdfbox-2.0.15/tools/target/pdfbox-tools-2.0.15.jar:/Users/margaretwalter/Desktop/Projects/PeerReview/lib/pdfbox-2.0.15/debugger/target/pdfbox-debugger-2.0.15.jar:/Users/margaretwalter/Desktop/Projects/PeerReview/lib/pdfbox-2.0.15/xmpbox/target/xmpbox-2.0.15.jar:/Users/margaretwalter/.m2/repository/commons-logging/commons-logging/1.2/commons-logging-1.2.jar:/Users/margaretwalter/Desktop/Projects/PeerReview/lib/pdfbox-2.0.15/preflight/target/preflight-2.0.15.jar:/Users/margaretwalter/Desktop/Projects/PeerReview/lib/pdfbox-2.0.15/pdfbox/target/pdfbox-2.0.15.jar:/Users/margaretwalter/Desktop/Projects/PeerReview/lib/pdfbox-2.0.15/fontbox/target/fontbox-2.0.15.jar:/Users/margaretwalter/.m2/repository/org/apache/lucene/lucene-core/4.7.2/lucene-core-4.7.2.jar:/Users/margaretwalter/.m2/repository/org/apache/lucene/lucene-analyzers-common/4.7.2/lucene-analyzers-common-4.7.2.jar:/Users/margaretwalter/.m2/repository/org/apache/ant/ant/1.9.13/ant-1.9.13.jar:/Users/margaretwalter/.m2/repository/org/apache/ant/ant-launcher/1.9.13/ant-launcher-1.9.13.jar:/Users/margaretwalter/.m2/repository/junit/junit/4.12/junit-4.12.jar:/Users/margaretwalter/.m2/repository/org/hamcrest/hamcrest-core/1.3/hamcrest-core-1.3.jar:/Users/margaretwalter/.m2/repository/javax/servlet/javax.servlet-api/4.0.1/javax.servlet-api-4.0.1.jar:/Users/margaretwalter/.m2/repository/org/apache/geronimo/specs/geronimo-jaxrs_1.1_spec/1.0/geronimo-jaxrs_1.1_spec-1.0.jar:"/>
    <property name="java.vm.vendor" value="Oracle Corporation"/>
    <property name="sun.arch.data.model" value="64"/>
    <property name="java.vendor.url" value="http://java.oracle.com/"/>
    <property name="user.timezone" value=""/>
    <property name="java.vm.specification.version" value="1.8"/>
    <property name="os.name" value="Mac OS X"/>
    <property name="user.country" value="US"/>
    <property name="sun.java.launcher" value="SUN_STANDARD"/>
    <property name="sun.boot.library.path" value="/Library/Java/JavaVirtualMachines/jdk1.8.0_162.jdk/Contents/Home/jre/lib"/>
    <property name="sun.java.command" value="/Users/margaretwalter/Desktop/Projects/PeerReview/lib/pdfbox-2.0.15/examples/target/surefire/surefirebooter8698104147130015050.jar /Users/margaretwalter/Desktop/Projects/PeerReview/lib/pdfbox-2.0.15/examples/target/surefire 2019-05-29T13-33-38_758-jvmRun1 surefire4178023544945173451tmp surefire_17739549884269585218tmp"/>
    <property name="http.nonProxyHosts" value="local|*.local|169.254/16|*.169.254/16"/>
    <property name="surefire.test.class.path" value="/Users/margaretwalter/Desktop/Projects/PeerReview/lib/pdfbox-2.0.15/examples/target/test-classes:/Users/margaretwalter/Desktop/Projects/PeerReview/lib/pdfbox-2.0.15/examples/target/classes:/Users/margaretwalter/.m2/repository/org/bouncycastle/bcmail-jdk15on/1.60/bcmail-jdk15on-1.60.jar:/Users/margaretwalter/.m2/repository/org/bouncycastle/bcprov-jdk15on/1.60/bcprov-jdk15on-1.60.jar:/Users/margaretwalter/.m2/repository/org/bouncycastle/bcpkix-jdk15on/1.60/bcpkix-jdk15on-1.60.jar:/Users/margaretwalter/Desktop/Projects/PeerReview/lib/pdfbox-2.0.15/tools/target/pdfbox-tools-2.0.15.jar:/Users/margaretwalter/Desktop/Projects/PeerReview/lib/pdfbox-2.0.15/debugger/target/pdfbox-debugger-2.0.15.jar:/Users/margaretwalter/Desktop/Projects/PeerReview/lib/pdfbox-2.0.15/xmpbox/target/xmpbox-2.0.15.jar:/Users/margaretwalter/.m2/repository/commons-logging/commons-logging/1.2/commons-logging-1.2.jar:/Users/margaretwalter/Desktop/Projects/PeerReview/lib/pdfbox-2.0.15/preflight/target/preflight-2.0.15.jar:/Users/margaretwalter/Desktop/Projects/PeerReview/lib/pdfbox-2.0.15/pdfbox/target/pdfbox-2.0.15.jar:/Users/margaretwalter/Desktop/Projects/PeerReview/lib/pdfbox-2.0.15/fontbox/target/fontbox-2.0.15.jar:/Users/margaretwalter/.m2/repository/org/apache/lucene/lucene-core/4.7.2/lucene-core-4.7.2.jar:/Users/margaretwalter/.m2/repository/org/apache/lucene/lucene-analyzers-common/4.7.2/lucene-analyzers-common-4.7.2.jar:/Users/margaretwalter/.m2/repository/org/apache/ant/ant/1.9.13/ant-1.9.13.jar:/Users/margaretwalter/.m2/repository/org/apache/ant/ant-launcher/1.9.13/ant-launcher-1.9.13.jar:/Users/margaretwalter/.m2/repository/junit/junit/4.12/junit-4.12.jar:/Users/margaretwalter/.m2/repository/org/hamcrest/hamcrest-core/1.3/hamcrest-core-1.3.jar:/Users/margaretwalter/.m2/repository/javax/servlet/javax.servlet-api/4.0.1/javax.servlet-api-4.0.1.jar:/Users/margaretwalter/.m2/repository/org/apache/geronimo/specs/geronimo-jaxrs_1.1_spec/1.0/geronimo-jaxrs_1.1_spec-1.0.jar:"/>
    <property name="sun.cpu.endian" value="little"/>
    <property name="user.home" value="/Users/margaretwalter"/>
    <property name="user.language" value="en"/>
    <property name="java.specification.vendor" value="Oracle Corporation"/>
    <property name="java.home" value="/Library/Java/JavaVirtualMachines/jdk1.8.0_162.jdk/Contents/Home/jre"/>
    <property name="basedir" value="/Users/margaretwalter/Desktop/Projects/PeerReview/lib/pdfbox-2.0.15/examples"/>
    <property name="file.separator" value="/"/>
    <property name="line.separator" value="&#10;"/>
    <property name="java.vm.specification.vendor" value="Oracle Corporation"/>
    <property name="java.specification.name" value="Java Platform API Specification"/>
    <property name="java.awt.graphicsenv" value="sun.awt.CGraphicsEnvironment"/>
    <property name="surefire.real.class.path" value="/Users/margaretwalter/Desktop/Projects/PeerReview/lib/pdfbox-2.0.15/examples/target/surefire/surefirebooter8698104147130015050.jar"/>
    <property name="sun.boot.class.path" value="/Library/Java/JavaVirtualMachines/jdk1.8.0_162.jdk/Contents/Home/jre/lib/resources.jar:/Library/Java/JavaVirtualMachines/jdk1.8.0_162.jdk/Contents/Home/jre/lib/rt.jar:/Library/Java/JavaVirtualMachines/jdk1.8.0_162.jdk/Contents/Home/jre/lib/sunrsasign.jar:/Library/Java/JavaVirtualMachines/jdk1.8.0_162.jdk/Contents/Home/jre/lib/jsse.jar:/Library/Java/JavaVirtualMachines/jdk1.8.0_162.jdk/Contents/Home/jre/lib/jce.jar:/Library/Java/JavaVirtualMachines/jdk1.8.0_162.jdk/Contents/Home/jre/lib/charsets.jar:/Library/Java/JavaVirtualMachines/jdk1.8.0_162.jdk/Contents/Home/jre/lib/jfr.jar:/Library/Java/JavaVirtualMachines/jdk1.8.0_162.jdk/Contents/Home/jre/classes"/>
    <property name="sun.management.compiler" value="HotSpot 64-Bit Tiered Compilers"/>
    <property name="ftp.nonProxyHosts" value="local|*.local|169.254/16|*.169.254/16"/>
    <property name="java.runtime.version" value="1.8.0_162-b12"/>
    <property name="user.name" value="margaretwalter"/>
    <property name="path.separator" value=":"/>
    <property name="os.version" value="10.14.5"/>
    <property name="java.endorsed.dirs" value="/Library/Java/JavaVirtualMachines/jdk1.8.0_162.jdk/Contents/Home/jre/lib/endorsed"/>
    <property name="java.runtime.name" value="Java(TM) SE Runtime Environment"/>
    <property name="file.encoding" value="UTF-8"/>
    <property name="java.vm.name" value="Java HotSpot(TM) 64-Bit Server VM"/>
    <property name="localRepository" value="/Users/margaretwalter/.m2/repository"/>
    <property name="java.vendor.url.bug" value="http://bugreport.sun.com/bugreport/"/>
    <property name="java.io.tmpdir" value="/var/folders/qt/xsgpjqvx6lxby08mt7hw56cr0000gn/T/"/>
    <property name="java.version" value="1.8.0_162"/>
    <property name="user.dir" value="/Users/margaretwalter/Desktop/Projects/PeerReview/lib/pdfbox-2.0.15/examples"/>
    <property name="os.arch" value="x86_64"/>
    <property name="java.vm.specification.name" value="Java Virtual Machine Specification"/>
    <property name="java.awt.printerjob" value="sun.lwawt.macosx.CPrinterJob"/>
    <property name="sun.os.patch.level" value="unknown"/>
    <property name="java.library.path" value="/Users/margaretwalter/Library/Java/Extensions:/Library/Java/Extensions:/Network/Library/Java/Extensions:/System/Library/Java/Extensions:/usr/lib/java:."/>
    <property name="java.vm.info" value="mixed mode"/>
    <property name="java.vendor" value="Oracle Corporation"/>
    <property name="java.vm.version" value="25.162-b12"/>
    <property name="java.ext.dirs" value="/Users/margaretwalter/Library/Java/Extensions:/Library/Java/JavaVirtualMachines/jdk1.8.0_162.jdk/Contents/Home/jre/lib/ext:/Library/Java/Extensions:/Network/Library/Java/Extensions:/System/Library/Java/Extensions:/usr/lib/java"/>
    <property name="sun.io.unicode.encoding" value="UnicodeBig"/>
    <property name="java.class.version" value="52.0"/>
    <property name="socksNonProxyHosts" value="local|*.local|169.254/16|*.169.254/16"/>
  </properties>
  <testcase name="testCreatePDFA" classname="org.apache.pdfbox.examples.pdfa.CreatePDFATest" time="0.277"/>
</testsuite>