<?xml version="1.0" encoding="UTF-8"?>
<testsuite xmlns:xsi="http://www.w3.org/2001/XMLSchema-instance" xsi:noNamespaceSchemaLocation="https://maven.apache.org/surefire/maven-surefire-plugin/xsd/surefire-test-report.xsd" name="org.apache.pdfbox.preflight.TestIsartorBavaria" time="2.644" tests="204" errors="0" skipped="0" failures="0">
  <properties>
    <property name="gopherProxySet" value="false"/>
    <property name="awt.toolkit" value="sun.lwawt.macosx.LWCToolkit"/>
    <property name="file.encoding.pkg" value="sun.io"/>
    <property name="java.specification.version" value="1.8"/>
    <property name="sun.cpu.isalist" value=""/>
    <property name="sun.jnu.encoding" value="UTF-8"/>
    <property name="java.class.path" value="/Users/margaretwalter/Desktop/Projects/PeerReview/lib/pdfbox-2.0.15/preflight/target/test-classes:/Users/margaretwalter/Desktop/Projects/PeerReview/lib/pdfbox-2.0.15/preflight/target/classes:/Users/margaretwalter/.m2/repository/commons-io/commons-io/2.6/commons-io-2.6.jar:/Users/margaretwalter/Desktop/Projects/PeerReview/lib/pdfbox-2.0.15/pdfbox/target/pdfbox-2.0.15.jar:/Users/margaretwalter/Desktop/Projects/PeerReview/lib/pdfbox-2.0.15/fontbox/target/fontbox-2.0.15.jar:/Users/margaretwalter/.m2/repository/commons-logging/commons-logging/1.2/commons-logging-1.2.jar:/Users/margaretwalter/Desktop/Projects/PeerReview/lib/pdfbox-2.0.15/xmpbox/target/xmpbox-2.0.15.jar:/Users/margaretwalter/.m2/repository/junit/junit/4.12/junit-4.12.jar:/Users/margaretwalter/.m2/repository/org/hamcrest/hamcrest-core/1.3/hamcrest-core-1.3.jar:/Users/margaretwalter/.m2/repository/org/bouncycastle/bcmail-jdk15on/1.60/bcmail-jdk15on-1.60.jar:/Users/margaretwalter/.m2/repository/org/bouncycastle/bcpkix-jdk15on/1.60/bcpkix-jdk15on-1.60.jar:/Users/margaretwalter/.m2/repository/org/bouncycastle/bcprov-jdk15on/1.60/bcprov-jdk15on-1.60.jar:/Users/margaretwalter/.m2/repository/org/apache/pdfbox/jbig2-imageio/3.0.2/jbig2-imageio-3.0.2.jar:"/>
    <property name="java.vm.vendor" value="Oracle Corporation"/>
    <property name="sun.arch.data.model" value="64"/>
    <property name="java.vendor.url" value="http://java.oracle.com/"/>
    <property name="user.timezone" value=""/>
    <property name="java.vm.specification.version" value="1.8"/>
    <property name="os.name" value="Mac OS X"/>
    <property name="user.country" value="US"/>
    <property name="sun.java.launcher" value="SUN_STANDARD"/>
    <property name="sun.boot.library.path" value="/Library/Java/JavaVirtualMachines/jdk1.8.0_162.jdk/Contents/Home/jre/lib"/>
    <property name="sun.java.command" value="/Users/margaretwalter/Desktop/Projects/PeerReview/lib/pdfbox-2.0.15/preflight/target/surefire/surefirebooter1644144694932868572.jar /Users/margaretwalter/Desktop/Projects/PeerReview/lib/pdfbox-2.0.15/preflight/target/surefire 2019-05-29T13-31-16_120-jvmRun1 surefire774764772001995594tmp surefire_3851354906152078525tmp"/>
    <property name="http.nonProxyHosts" value="local|*.local|169.254/16|*.169.254/16"/>
    <property name="surefire.test.class.path" value="/Users/margaretwalter/Desktop/Projects/PeerReview/lib/pdfbox-2.0.15/preflight/target/test-classes:/Users/margaretwalter/Desktop/Projects/PeerReview/lib/pdfbox-2.0.15/preflight/target/classes:/Users/margaretwalter/.m2/repository/commons-io/commons-io/2.6/commons-io-2.6.jar:/Users/margaretwalter/Desktop/Projects/PeerReview/lib/pdfbox-2.0.15/pdfbox/target/pdfbox-2.0.15.jar:/Users/margaretwalter/Desktop/Projects/PeerReview/lib/pdfbox-2.0.15/fontbox/target/fontbox-2.0.15.jar:/Users/margaretwalter/.m2/repository/commons-logging/commons-logging/1.2/commons-logging-1.2.jar:/Users/margaretwalter/Desktop/Projects/PeerReview/lib/pdfbox-2.0.15/xmpbox/target/xmpbox-2.0.15.jar:/Users/margaretwalter/.m2/repository/junit/junit/4.12/junit-4.12.jar:/Users/margaretwalter/.m2/repository/org/hamcrest/hamcrest-core/1.3/hamcrest-core-1.3.jar:/Users/margaretwalter/.m2/repository/org/bouncycastle/bcmail-jdk15on/1.60/bcmail-jdk15on-1.60.jar:/Users/margaretwalter/.m2/repository/org/bouncycastle/bcpkix-jdk15on/1.60/bcpkix-jdk15on-1.60.jar:/Users/margaretwalter/.m2/repository/org/bouncycastle/bcprov-jdk15on/1.60/bcprov-jdk15on-1.60.jar:/Users/margaretwalter/.m2/repository/org/apache/pdfbox/jbig2-imageio/3.0.2/jbig2-imageio-3.0.2.jar:"/>
    <property name="sun.cpu.endian" value="little"/>
    <property name="user.home" value="/Users/margaretwalter"/>
    <property name="user.language" value="en"/>
    <property name="java.specification.vendor" value="Oracle Corporation"/>
    <property name="java.home" value="/Library/Java/JavaVirtualMachines/jdk1.8.0_162.jdk/Contents/Home/jre"/>
    <property name="basedir" value="/Users/margaretwalter/Desktop/Projects/PeerReview/lib/pdfbox-2.0.15/preflight"/>
    <property name="file.separator" value="/"/>
    <property name="line.separator" value="&#10;"/>
    <property name="java.vm.specification.vendor" value="Oracle Corporation"/>
    <property name="java.specification.name" value="Java Platform API Specification"/>
    <property name="java.awt.graphicsenv" value="sun.awt.CGraphicsEnvironment"/>
    <property name="surefire.real.class.path" value="/Users/margaretwalter/Desktop/Projects/PeerReview/lib/pdfbox-2.0.15/preflight/target/surefire/surefirebooter1644144694932868572.jar"/>
    <property name="sun.boot.class.path" value="/Library/Java/JavaVirtualMachines/jdk1.8.0_162.jdk/Contents/Home/jre/lib/resources.jar:/Library/Java/JavaVirtualMachines/jdk1.8.0_162.jdk/Contents/Home/jre/lib/rt.jar:/Library/Java/JavaVirtualMachines/jdk1.8.0_162.jdk/Contents/Home/jre/lib/sunrsasign.jar:/Library/Java/JavaVirtualMachines/jdk1.8.0_162.jdk/Contents/Home/jre/lib/jsse.jar:/Library/Java/JavaVirtualMachines/jdk1.8.0_162.jdk/Contents/Home/jre/lib/jce.jar:/Library/Java/JavaVirtualMachines/jdk1.8.0_162.jdk/Contents/Home/jre/lib/charsets.jar:/Library/Java/JavaVirtualMachines/jdk1.8.0_162.jdk/Contents/Home/jre/lib/jfr.jar:/Library/Java/JavaVirtualMachines/jdk1.8.0_162.jdk/Contents/Home/jre/classes"/>
    <property name="sun.management.compiler" value="HotSpot 64-Bit Tiered Compilers"/>
    <property name="ftp.nonProxyHosts" value="local|*.local|169.254/16|*.169.254/16"/>
    <property name="java.runtime.version" value="1.8.0_162-b12"/>
    <property name="user.name" value="margaretwalter"/>
    <property name="path.separator" value=":"/>
    <property name="os.version" value="10.14.5"/>
    <property name="java.endorsed.dirs" value="/Library/Java/JavaVirtualMachines/jdk1.8.0_162.jdk/Contents/Home/jre/lib/endorsed"/>
    <property name="java.runtime.name" value="Java(TM) SE Runtime Environment"/>
    <property name="file.encoding" value="UTF-8"/>
    <property name="java.vm.name" value="Java HotSpot(TM) 64-Bit Server VM"/>
    <property name="localRepository" value="/Users/margaretwalter/.m2/repository"/>
    <property name="java.vendor.url.bug" value="http://bugreport.sun.com/bugreport/"/>
    <property name="java.io.tmpdir" value="/var/folders/qt/xsgpjqvx6lxby08mt7hw56cr0000gn/T/"/>
    <property name="java.version" value="1.8.0_162"/>
    <property name="user.dir" value="/Users/margaretwalter/Desktop/Projects/PeerReview/lib/pdfbox-2.0.15/preflight"/>
    <property name="os.arch" value="x86_64"/>
    <property name="java.vm.specification.name" value="Java Virtual Machine Specification"/>
    <property name="java.awt.printerjob" value="sun.lwawt.macosx.CPrinterJob"/>
    <property name="sun.os.patch.level" value="unknown"/>
    <property name="java.library.path" value="/Users/margaretwalter/Library/Java/Extensions:/Library/Java/Extensions:/Network/Library/Java/Extensions:/System/Library/Java/Extensions:/usr/lib/java:."/>
    <property name="java.vm.info" value="mixed mode"/>
    <property name="java.vendor" value="Oracle Corporation"/>
    <property name="java.vm.version" value="25.162-b12"/>
    <property name="java.ext.dirs" value="/Users/margaretwalter/Library/Java/Extensions:/Library/Java/JavaVirtualMachines/jdk1.8.0_162.jdk/Contents/Home/jre/lib/ext:/Library/Java/Extensions:/Network/Library/Java/Extensions:/System/Library/Java/Extensions:/usr/lib/java"/>
    <property name="sun.io.unicode.encoding" value="UnicodeBig"/>
    <property name="java.class.version" value="52.0"/>
    <property name="socksNonProxyHosts" value="local|*.local|169.254/16|*.169.254/16"/>
  </properties>
  <testcase name="validate[target/pdfs/Isartor testsuite/PDFA-1b/6.4 Transparency/isartor-6-4-t05-fail-a.pdf]" classname="org.apache.pdfbox.preflight.TestIsartorBavaria" time="0.024"/>
  <testcase name="validate[target/pdfs/Isartor testsuite/PDFA-1b/6.4 Transparency/isartor-6-4-t02-fail-a.pdf]" classname="org.apache.pdfbox.preflight.TestIsartorBavaria" time="0.021"/>
  <testcase name="validate[target/pdfs/Isartor testsuite/PDFA-1b/6.4 Transparency/isartor-6-4-t04-fail-a.pdf]" classname="org.apache.pdfbox.preflight.TestIsartorBavaria" time="0.011"/>
  <testcase name="validate[target/pdfs/Isartor testsuite/PDFA-1b/6.4 Transparency/isartor-6-4-t01-fail-a.pdf]" classname="org.apache.pdfbox.preflight.TestIsartorBavaria" time="0.01"/>
  <testcase name="validate[target/pdfs/Isartor testsuite/PDFA-1b/6.4 Transparency/isartor-6-4-t01-fail-b.pdf]" classname="org.apache.pdfbox.preflight.TestIsartorBavaria" time="0.018"/>
  <testcase name="validate[target/pdfs/Isartor testsuite/PDFA-1b/6.4 Transparency/isartor-6-4-t03-fail-a.pdf]" classname="org.apache.pdfbox.preflight.TestIsartorBavaria" time="0.009"/>
  <testcase name="validate[target/pdfs/Isartor testsuite/PDFA-1b/6.2 Graphics/6.2.10 Content Streams/isartor-6-2-10-t01-fail-a.pdf]" classname="org.apache.pdfbox.preflight.TestIsartorBavaria" time="0.009"/>
  <testcase name="validate[target/pdfs/Isartor testsuite/PDFA-1b/6.2 Graphics/6.2.10 Content Streams/isartor-6-2-10-t01-fail-b.pdf]" classname="org.apache.pdfbox.preflight.TestIsartorBavaria" time="0.007"/>
  <testcase name="validate[target/pdfs/Isartor testsuite/PDFA-1b/6.2 Graphics/6.2.10 Content Streams/isartor-6-2-10-t01-fail-c.pdf]" classname="org.apache.pdfbox.preflight.TestIsartorBavaria" time="0.016"/>
  <testcase name="validate[target/pdfs/Isartor testsuite/PDFA-1b/6.2 Graphics/6.2.6 Reference XObjects/isartor-6-2-6-t01-fail-a.pdf]" classname="org.apache.pdfbox.preflight.TestIsartorBavaria" time="0.008"/>
  <testcase name="validate[target/pdfs/Isartor testsuite/PDFA-1b/6.2 Graphics/6.2.2 Output intent/isartor-6-2-2-t02-fail-a.pdf]" classname="org.apache.pdfbox.preflight.TestIsartorBavaria" time="0.01"/>
  <testcase name="validate[target/pdfs/Isartor testsuite/PDFA-1b/6.2 Graphics/6.2.2 Output intent/isartor-6-2-2-t02-fail-b.pdf]" classname="org.apache.pdfbox.preflight.TestIsartorBavaria" time="0.012"/>
  <testcase name="validate[target/pdfs/Isartor testsuite/PDFA-1b/6.2 Graphics/6.2.2 Output intent/isartor-6-2-2-t03-fail-a.pdf]" classname="org.apache.pdfbox.preflight.TestIsartorBavaria" time="0.011"/>
  <testcase name="validate[target/pdfs/Isartor testsuite/PDFA-1b/6.2 Graphics/6.2.2 Output intent/isartor-6-2-2-t01-fail-a.pdf]" classname="org.apache.pdfbox.preflight.TestIsartorBavaria" time="0.035"/>
  <testcase name="validate[target/pdfs/Isartor testsuite/PDFA-1b/6.2 Graphics/6.2.9 Rendering intents/isartor-6-2-9-t01-fail-a.pdf]" classname="org.apache.pdfbox.preflight.TestIsartorBavaria" time="0.009"/>
  <testcase name="validate[target/pdfs/Isartor testsuite/PDFA-1b/6.2 Graphics/6.2.5 Form Xobjects/isartor-6-2-5-t01-fail-a.pdf]" classname="org.apache.pdfbox.preflight.TestIsartorBavaria" time="0.009"/>
  <testcase name="validate[target/pdfs/Isartor testsuite/PDFA-1b/6.2 Graphics/6.2.3 Colour spaces/6.2.3.3 Uncalibrated colour spaces/isartor-6-2-3-3-t02-fail-b.pdf]" classname="org.apache.pdfbox.preflight.TestIsartorBavaria" time="0.025"/>
  <testcase name="validate[target/pdfs/Isartor testsuite/PDFA-1b/6.2 Graphics/6.2.3 Colour spaces/6.2.3.3 Uncalibrated colour spaces/isartor-6-2-3-3-t02-fail-c.pdf]" classname="org.apache.pdfbox.preflight.TestIsartorBavaria" time="0.008"/>
  <testcase name="validate[target/pdfs/Isartor testsuite/PDFA-1b/6.2 Graphics/6.2.3 Colour spaces/6.2.3.3 Uncalibrated colour spaces/isartor-6-2-3-3-t02-fail-a.pdf]" classname="org.apache.pdfbox.preflight.TestIsartorBavaria" time="0.005"/>
  <testcase name="validate[target/pdfs/Isartor testsuite/PDFA-1b/6.2 Graphics/6.2.3 Colour spaces/6.2.3.3 Uncalibrated colour spaces/isartor-6-2-3-3-t02-fail-d.pdf]" classname="org.apache.pdfbox.preflight.TestIsartorBavaria" time="0.019"/>
  <testcase name="validate[target/pdfs/Isartor testsuite/PDFA-1b/6.2 Graphics/6.2.3 Colour spaces/6.2.3.3 Uncalibrated colour spaces/isartor-6-2-3-3-t02-fail-e.pdf]" classname="org.apache.pdfbox.preflight.TestIsartorBavaria" time="0.008"/>
  <testcase name="validate[target/pdfs/Isartor testsuite/PDFA-1b/6.2 Graphics/6.2.3 Colour spaces/6.2.3.3 Uncalibrated colour spaces/isartor-6-2-3-3-t02-fail-g.pdf]" classname="org.apache.pdfbox.preflight.TestIsartorBavaria" time="0.008"/>
  <testcase name="validate[target/pdfs/Isartor testsuite/PDFA-1b/6.2 Graphics/6.2.3 Colour spaces/6.2.3.3 Uncalibrated colour spaces/isartor-6-2-3-3-t02-fail-f.pdf]" classname="org.apache.pdfbox.preflight.TestIsartorBavaria" time="0.008"/>
  <testcase name="validate[target/pdfs/Isartor testsuite/PDFA-1b/6.2 Graphics/6.2.3 Colour spaces/6.2.3.3 Uncalibrated colour spaces/isartor-6-2-3-3-t05-fail-a.pdf]" classname="org.apache.pdfbox.preflight.TestIsartorBavaria" time="0.006"/>
  <testcase name="validate[target/pdfs/Isartor testsuite/PDFA-1b/6.2 Graphics/6.2.3 Colour spaces/6.2.3.3 Uncalibrated colour spaces/isartor-6-2-3-3-t05-fail-b.pdf]" classname="org.apache.pdfbox.preflight.TestIsartorBavaria" time="0.006"/>
  <testcase name="validate[target/pdfs/Isartor testsuite/PDFA-1b/6.2 Graphics/6.2.3 Colour spaces/6.2.3.3 Uncalibrated colour spaces/isartor-6-2-3-3-t03-fail-d.pdf]" classname="org.apache.pdfbox.preflight.TestIsartorBavaria" time="0.006"/>
  <testcase name="validate[target/pdfs/Isartor testsuite/PDFA-1b/6.2 Graphics/6.2.3 Colour spaces/6.2.3.3 Uncalibrated colour spaces/isartor-6-2-3-3-t03-fail-e.pdf]" classname="org.apache.pdfbox.preflight.TestIsartorBavaria" time="0.006"/>
  <testcase name="validate[target/pdfs/Isartor testsuite/PDFA-1b/6.2 Graphics/6.2.3 Colour spaces/6.2.3.3 Uncalibrated colour spaces/isartor-6-2-3-3-t03-fail-b.pdf]" classname="org.apache.pdfbox.preflight.TestIsartorBavaria" time="0.006"/>
  <testcase name="validate[target/pdfs/Isartor testsuite/PDFA-1b/6.2 Graphics/6.2.3 Colour spaces/6.2.3.3 Uncalibrated colour spaces/isartor-6-2-3-3-t03-fail-c.pdf]" classname="org.apache.pdfbox.preflight.TestIsartorBavaria" time="0.004"/>
  <testcase name="validate[target/pdfs/Isartor testsuite/PDFA-1b/6.2 Graphics/6.2.3 Colour spaces/6.2.3.3 Uncalibrated colour spaces/isartor-6-2-3-3-t03-fail-a.pdf]" classname="org.apache.pdfbox.preflight.TestIsartorBavaria" time="0.004"/>
  <testcase name="validate[target/pdfs/Isartor testsuite/PDFA-1b/6.2 Graphics/6.2.3 Colour spaces/6.2.3.3 Uncalibrated colour spaces/isartor-6-2-3-3-t02-fail-j.pdf]" classname="org.apache.pdfbox.preflight.TestIsartorBavaria" time="0.006"/>
  <testcase name="validate[target/pdfs/Isartor testsuite/PDFA-1b/6.2 Graphics/6.2.3 Colour spaces/6.2.3.3 Uncalibrated colour spaces/isartor-6-2-3-3-t04-fail-a.pdf]" classname="org.apache.pdfbox.preflight.TestIsartorBavaria" time="0.005"/>
  <testcase name="validate[target/pdfs/Isartor testsuite/PDFA-1b/6.2 Graphics/6.2.3 Colour spaces/6.2.3.3 Uncalibrated colour spaces/isartor-6-2-3-3-t04-fail-c.pdf]" classname="org.apache.pdfbox.preflight.TestIsartorBavaria" time="0.006"/>
  <testcase name="validate[target/pdfs/Isartor testsuite/PDFA-1b/6.2 Graphics/6.2.3 Colour spaces/6.2.3.3 Uncalibrated colour spaces/isartor-6-2-3-3-t02-fail-h.pdf]" classname="org.apache.pdfbox.preflight.TestIsartorBavaria" time="0.035"/>
  <testcase name="validate[target/pdfs/Isartor testsuite/PDFA-1b/6.2 Graphics/6.2.3 Colour spaces/6.2.3.3 Uncalibrated colour spaces/isartor-6-2-3-3-t02-fail-i.pdf]" classname="org.apache.pdfbox.preflight.TestIsartorBavaria" time="0.006"/>
  <testcase name="validate[target/pdfs/Isartor testsuite/PDFA-1b/6.2 Graphics/6.2.3 Colour spaces/6.2.3.3 Uncalibrated colour spaces/isartor-6-2-3-3-t04-fail-b.pdf]" classname="org.apache.pdfbox.preflight.TestIsartorBavaria" time="0.006"/>
  <testcase name="validate[target/pdfs/Isartor testsuite/PDFA-1b/6.2 Graphics/6.2.3 Colour spaces/6.2.3.3 Uncalibrated colour spaces/isartor-6-2-3-3-t01-fail-a.pdf]" classname="org.apache.pdfbox.preflight.TestIsartorBavaria" time="0.024"/>
  <testcase name="validate[target/pdfs/Isartor testsuite/PDFA-1b/6.2 Graphics/6.2.3 Colour spaces/6.2.3.3 Uncalibrated colour spaces/isartor-6-2-3-3-t04-fail-d.pdf]" classname="org.apache.pdfbox.preflight.TestIsartorBavaria" time="0.004"/>
  <testcase name="validate[target/pdfs/Isartor testsuite/PDFA-1b/6.2 Graphics/6.2.3 Colour spaces/6.2.3.4 Separation and DeviceN colour spaces/isartor-6-2-3-4-t01-fail-a.pdf]" classname="org.apache.pdfbox.preflight.TestIsartorBavaria" time="0.02"/>
  <testcase name="validate[target/pdfs/Isartor testsuite/PDFA-1b/6.2 Graphics/6.2.3 Colour spaces/6.2.3.4 Separation and DeviceN colour spaces/isartor-6-2-3-4-t01-fail-b.pdf]" classname="org.apache.pdfbox.preflight.TestIsartorBavaria" time="0.005"/>
  <testcase name="validate[target/pdfs/Isartor testsuite/PDFA-1b/6.2 Graphics/6.2.8 Extended graphics state/isartor-6-2-8-t02-fail-c.pdf]" classname="org.apache.pdfbox.preflight.TestIsartorBavaria" time="0.005"/>
  <testcase name="validate[target/pdfs/Isartor testsuite/PDFA-1b/6.2 Graphics/6.2.8 Extended graphics state/isartor-6-2-8-t02-fail-b.pdf]" classname="org.apache.pdfbox.preflight.TestIsartorBavaria" time="0.007"/>
  <testcase name="validate[target/pdfs/Isartor testsuite/PDFA-1b/6.2 Graphics/6.2.8 Extended graphics state/isartor-6-2-8-t02-fail-a.pdf]" classname="org.apache.pdfbox.preflight.TestIsartorBavaria" time="0.012"/>
  <testcase name="validate[target/pdfs/Isartor testsuite/PDFA-1b/6.2 Graphics/6.2.8 Extended graphics state/isartor-6-2-8-t01-fail-d.pdf]" classname="org.apache.pdfbox.preflight.TestIsartorBavaria" time="0.005"/>
  <testcase name="validate[target/pdfs/Isartor testsuite/PDFA-1b/6.2 Graphics/6.2.8 Extended graphics state/isartor-6-2-8-t01-fail-b.pdf]" classname="org.apache.pdfbox.preflight.TestIsartorBavaria" time="0.007"/>
  <testcase name="validate[target/pdfs/Isartor testsuite/PDFA-1b/6.2 Graphics/6.2.8 Extended graphics state/isartor-6-2-8-t01-fail-c.pdf]" classname="org.apache.pdfbox.preflight.TestIsartorBavaria" time="0.004"/>
  <testcase name="validate[target/pdfs/Isartor testsuite/PDFA-1b/6.2 Graphics/6.2.8 Extended graphics state/isartor-6-2-8-t01-fail-a.pdf]" classname="org.apache.pdfbox.preflight.TestIsartorBavaria" time="0.008"/>
  <testcase name="validate[target/pdfs/Isartor testsuite/PDFA-1b/6.2 Graphics/6.2.7 PostScript XObjects/isartor-6-2-7-t02-fail-a.pdf]" classname="org.apache.pdfbox.preflight.TestIsartorBavaria" time="0.005"/>
  <testcase name="validate[target/pdfs/Isartor testsuite/PDFA-1b/6.2 Graphics/6.2.7 PostScript XObjects/isartor-6-2-7-t01-fail-a.pdf]" classname="org.apache.pdfbox.preflight.TestIsartorBavaria" time="0.005"/>
  <testcase name="validate[target/pdfs/Isartor testsuite/PDFA-1b/6.2 Graphics/6.2.4 Images/isartor-6-2-4-t02-fail-a.pdf]" classname="org.apache.pdfbox.preflight.TestIsartorBavaria" time="0.008"/>
  <testcase name="validate[target/pdfs/Isartor testsuite/PDFA-1b/6.2 Graphics/6.2.4 Images/isartor-6-2-4-t03-fail-a.pdf]" classname="org.apache.pdfbox.preflight.TestIsartorBavaria" time="0.008"/>
  <testcase name="validate[target/pdfs/Isartor testsuite/PDFA-1b/6.2 Graphics/6.2.4 Images/isartor-6-2-4-t04-fail-a.pdf]" classname="org.apache.pdfbox.preflight.TestIsartorBavaria" time="0.007"/>
  <testcase name="validate[target/pdfs/Isartor testsuite/PDFA-1b/6.2 Graphics/6.2.4 Images/isartor-6-2-4-t01-fail-a.pdf]" classname="org.apache.pdfbox.preflight.TestIsartorBavaria" time="0.005"/>
  <testcase name="validate[target/pdfs/Isartor testsuite/PDFA-1b/6.5 Annotations/6.5.3 Annotation dictionaries/isartor-6-5-3-t01-fail-a.pdf]" classname="org.apache.pdfbox.preflight.TestIsartorBavaria" time="0.009"/>
  <testcase name="validate[target/pdfs/Isartor testsuite/PDFA-1b/6.5 Annotations/6.5.3 Annotation dictionaries/isartor-6-5-3-t04-fail-d.pdf]" classname="org.apache.pdfbox.preflight.TestIsartorBavaria" time="0.015"/>
  <testcase name="validate[target/pdfs/Isartor testsuite/PDFA-1b/6.5 Annotations/6.5.3 Annotation dictionaries/isartor-6-5-3-t04-fail-a.pdf]" classname="org.apache.pdfbox.preflight.TestIsartorBavaria" time="0.012"/>
  <testcase name="validate[target/pdfs/Isartor testsuite/PDFA-1b/6.5 Annotations/6.5.3 Annotation dictionaries/isartor-6-5-3-t04-fail-c.pdf]" classname="org.apache.pdfbox.preflight.TestIsartorBavaria" time="0.008"/>
  <testcase name="validate[target/pdfs/Isartor testsuite/PDFA-1b/6.5 Annotations/6.5.3 Annotation dictionaries/isartor-6-5-3-t04-fail-b.pdf]" classname="org.apache.pdfbox.preflight.TestIsartorBavaria" time="0.008"/>
  <testcase name="validate[target/pdfs/Isartor testsuite/PDFA-1b/6.5 Annotations/6.5.3 Annotation dictionaries/isartor-6-5-3-t03-fail-b.pdf]" classname="org.apache.pdfbox.preflight.TestIsartorBavaria" time="0.028"/>
  <testcase name="validate[target/pdfs/Isartor testsuite/PDFA-1b/6.5 Annotations/6.5.3 Annotation dictionaries/isartor-6-5-3-t03-fail-c.pdf]" classname="org.apache.pdfbox.preflight.TestIsartorBavaria" time="0.008"/>
  <testcase name="validate[target/pdfs/Isartor testsuite/PDFA-1b/6.5 Annotations/6.5.3 Annotation dictionaries/isartor-6-5-3-t03-fail-a.pdf]" classname="org.apache.pdfbox.preflight.TestIsartorBavaria" time="0.008"/>
  <testcase name="validate[target/pdfs/Isartor testsuite/PDFA-1b/6.5 Annotations/6.5.3 Annotation dictionaries/isartor-6-5-3-t03-fail-d.pdf]" classname="org.apache.pdfbox.preflight.TestIsartorBavaria" time="0.027"/>
  <testcase name="validate[target/pdfs/Isartor testsuite/PDFA-1b/6.5 Annotations/6.5.3 Annotation dictionaries/isartor-6-5-3-t02-fail-d.pdf]" classname="org.apache.pdfbox.preflight.TestIsartorBavaria" time="0.008"/>
  <testcase name="validate[target/pdfs/Isartor testsuite/PDFA-1b/6.5 Annotations/6.5.3 Annotation dictionaries/isartor-6-5-3-t02-fail-e.pdf]" classname="org.apache.pdfbox.preflight.TestIsartorBavaria" time="0.006"/>
  <testcase name="validate[target/pdfs/Isartor testsuite/PDFA-1b/6.5 Annotations/6.5.3 Annotation dictionaries/isartor-6-5-3-t02-fail-b.pdf]" classname="org.apache.pdfbox.preflight.TestIsartorBavaria" time="0.006"/>
  <testcase name="validate[target/pdfs/Isartor testsuite/PDFA-1b/6.5 Annotations/6.5.3 Annotation dictionaries/isartor-6-5-3-t02-fail-c.pdf]" classname="org.apache.pdfbox.preflight.TestIsartorBavaria" time="0.006"/>
  <testcase name="validate[target/pdfs/Isartor testsuite/PDFA-1b/6.5 Annotations/6.5.3 Annotation dictionaries/isartor-6-5-3-t02-fail-a.pdf]" classname="org.apache.pdfbox.preflight.TestIsartorBavaria" time="0.007"/>
  <testcase name="validate[target/pdfs/Isartor testsuite/PDFA-1b/6.5 Annotations/6.5.2 Annotation types/isartor-6-5-2-t01-fail-g.pdf]" classname="org.apache.pdfbox.preflight.TestIsartorBavaria" time="0.006"/>
  <testcase name="validate[target/pdfs/Isartor testsuite/PDFA-1b/6.5 Annotations/6.5.2 Annotation types/isartor-6-5-2-t01-fail-f.pdf]" classname="org.apache.pdfbox.preflight.TestIsartorBavaria" time="0.005"/>
  <testcase name="validate[target/pdfs/Isartor testsuite/PDFA-1b/6.5 Annotations/6.5.2 Annotation types/isartor-6-5-2-t01-fail-d.pdf]" classname="org.apache.pdfbox.preflight.TestIsartorBavaria" time="0.005"/>
  <testcase name="validate[target/pdfs/Isartor testsuite/PDFA-1b/6.5 Annotations/6.5.2 Annotation types/isartor-6-5-2-t01-fail-e.pdf]" classname="org.apache.pdfbox.preflight.TestIsartorBavaria" time="0.006"/>
  <testcase name="validate[target/pdfs/Isartor testsuite/PDFA-1b/6.5 Annotations/6.5.2 Annotation types/isartor-6-5-2-t01-fail-a.pdf]" classname="org.apache.pdfbox.preflight.TestIsartorBavaria" time="0.01"/>
  <testcase name="validate[target/pdfs/Isartor testsuite/PDFA-1b/6.5 Annotations/6.5.2 Annotation types/isartor-6-5-2-t01-fail-b.pdf]" classname="org.apache.pdfbox.preflight.TestIsartorBavaria" time="0.006"/>
  <testcase name="validate[target/pdfs/Isartor testsuite/PDFA-1b/6.5 Annotations/6.5.2 Annotation types/isartor-6-5-2-t01-fail-c.pdf]" classname="org.apache.pdfbox.preflight.TestIsartorBavaria" time="0.008"/>
  <testcase name="validate[target/pdfs/Isartor testsuite/PDFA-1b/6.5 Annotations/6.5.2 Annotation types/isartor-6-5-2-t02-fail-a.pdf]" classname="org.apache.pdfbox.preflight.TestIsartorBavaria" time="0.008"/>
  <testcase name="validate[target/pdfs/Isartor testsuite/PDFA-1b/6.5 Annotations/6.5.2 Annotation types/isartor-6-5-2-t02-fail-c.pdf]" classname="org.apache.pdfbox.preflight.TestIsartorBavaria" time="0.007"/>
  <testcase name="validate[target/pdfs/Isartor testsuite/PDFA-1b/6.5 Annotations/6.5.2 Annotation types/isartor-6-5-2-t02-fail-b.pdf]" classname="org.apache.pdfbox.preflight.TestIsartorBavaria" time="0.009"/>
  <testcase name="validate[target/pdfs/Isartor testsuite/PDFA-1b/6.5 Annotations/6.5.2 Annotation types/isartor-6-5-2-t01-fail-h.pdf]" classname="org.apache.pdfbox.preflight.TestIsartorBavaria" time="0.007"/>
  <testcase name="validate[target/pdfs/Isartor testsuite/PDFA-1b/6.6 Actions/6.6.1 General/isartor-6-6-1-t03-fail-h.pdf]" classname="org.apache.pdfbox.preflight.TestIsartorBavaria" time="0.009"/>
  <testcase name="validate[target/pdfs/Isartor testsuite/PDFA-1b/6.6 Actions/6.6.1 General/isartor-6-6-1-t03-fail-i.pdf]" classname="org.apache.pdfbox.preflight.TestIsartorBavaria" time="0.005"/>
  <testcase name="validate[target/pdfs/Isartor testsuite/PDFA-1b/6.6 Actions/6.6.1 General/isartor-6-6-1-t02-fail-b.pdf]" classname="org.apache.pdfbox.preflight.TestIsartorBavaria" time="0.005"/>
  <testcase name="validate[target/pdfs/Isartor testsuite/PDFA-1b/6.6 Actions/6.6.1 General/isartor-6-6-1-t04-fail-i.pdf]" classname="org.apache.pdfbox.preflight.TestIsartorBavaria" time="0.005"/>
  <testcase name="validate[target/pdfs/Isartor testsuite/PDFA-1b/6.6 Actions/6.6.1 General/isartor-6-6-1-t04-fail-h.pdf]" classname="org.apache.pdfbox.preflight.TestIsartorBavaria" time="0.007"/>
  <testcase name="validate[target/pdfs/Isartor testsuite/PDFA-1b/6.6 Actions/6.6.1 General/isartor-6-6-1-t02-fail-c.pdf]" classname="org.apache.pdfbox.preflight.TestIsartorBavaria" time="0.008"/>
  <testcase name="validate[target/pdfs/Isartor testsuite/PDFA-1b/6.6 Actions/6.6.1 General/isartor-6-6-1-t02-fail-a.pdf]" classname="org.apache.pdfbox.preflight.TestIsartorBavaria" time="0.004"/>
  <testcase name="validate[target/pdfs/Isartor testsuite/PDFA-1b/6.6 Actions/6.6.1 General/isartor-6-6-1-t02-fail-d.pdf]" classname="org.apache.pdfbox.preflight.TestIsartorBavaria" time="0.004"/>
  <testcase name="validate[target/pdfs/Isartor testsuite/PDFA-1b/6.6 Actions/6.6.1 General/isartor-6-6-1-t02-fail-e.pdf]" classname="org.apache.pdfbox.preflight.TestIsartorBavaria" time="0.005"/>
  <testcase name="validate[target/pdfs/Isartor testsuite/PDFA-1b/6.6 Actions/6.6.1 General/isartor-6-6-1-t01-fail-i.pdf]" classname="org.apache.pdfbox.preflight.TestIsartorBavaria" time="0.006"/>
  <testcase name="validate[target/pdfs/Isartor testsuite/PDFA-1b/6.6 Actions/6.6.1 General/isartor-6-6-1-t02-fail-g.pdf]" classname="org.apache.pdfbox.preflight.TestIsartorBavaria" time="0.004"/>
  <testcase name="validate[target/pdfs/Isartor testsuite/PDFA-1b/6.6 Actions/6.6.1 General/isartor-6-6-1-t02-fail-f.pdf]" classname="org.apache.pdfbox.preflight.TestIsartorBavaria" time="0.006"/>
  <testcase name="validate[target/pdfs/Isartor testsuite/PDFA-1b/6.6 Actions/6.6.1 General/isartor-6-6-1-t01-fail-h.pdf]" classname="org.apache.pdfbox.preflight.TestIsartorBavaria" time="0.004"/>
  <testcase name="validate[target/pdfs/Isartor testsuite/PDFA-1b/6.6 Actions/6.6.1 General/isartor-6-6-1-t01-fail-e.pdf]" classname="org.apache.pdfbox.preflight.TestIsartorBavaria" time="0.004"/>
  <testcase name="validate[target/pdfs/Isartor testsuite/PDFA-1b/6.6 Actions/6.6.1 General/isartor-6-6-1-t04-fail-a.pdf]" classname="org.apache.pdfbox.preflight.TestIsartorBavaria" time="0.083"/>
  <testcase name="validate[target/pdfs/Isartor testsuite/PDFA-1b/6.6 Actions/6.6.1 General/isartor-6-6-1-t01-fail-d.pdf]" classname="org.apache.pdfbox.preflight.TestIsartorBavaria" time="0.004"/>
  <testcase name="validate[target/pdfs/Isartor testsuite/PDFA-1b/6.6 Actions/6.6.1 General/isartor-6-6-1-t01-fail-f.pdf]" classname="org.apache.pdfbox.preflight.TestIsartorBavaria" time="0.003"/>
  <testcase name="validate[target/pdfs/Isartor testsuite/PDFA-1b/6.6 Actions/6.6.1 General/isartor-6-6-1-t02-fail-h.pdf]" classname="org.apache.pdfbox.preflight.TestIsartorBavaria" time="0.005"/>
  <testcase name="validate[target/pdfs/Isartor testsuite/PDFA-1b/6.6 Actions/6.6.1 General/isartor-6-6-1-t04-fail-c.pdf]" classname="org.apache.pdfbox.preflight.TestIsartorBavaria" time="0.004"/>
  <testcase name="validate[target/pdfs/Isartor testsuite/PDFA-1b/6.6 Actions/6.6.1 General/isartor-6-6-1-t04-fail-b.pdf]" classname="org.apache.pdfbox.preflight.TestIsartorBavaria" time="0.004"/>
  <testcase name="validate[target/pdfs/Isartor testsuite/PDFA-1b/6.6 Actions/6.6.1 General/isartor-6-6-1-t02-fail-i.pdf]" classname="org.apache.pdfbox.preflight.TestIsartorBavaria" time="0.003"/>
  <testcase name="validate[target/pdfs/Isartor testsuite/PDFA-1b/6.6 Actions/6.6.1 General/isartor-6-6-1-t01-fail-g.pdf]" classname="org.apache.pdfbox.preflight.TestIsartorBavaria" time="0.003"/>
  <testcase name="validate[target/pdfs/Isartor testsuite/PDFA-1b/6.6 Actions/6.6.1 General/isartor-6-6-1-t01-fail-c.pdf]" classname="org.apache.pdfbox.preflight.TestIsartorBavaria" time="0.003"/>
  <testcase name="validate[target/pdfs/Isartor testsuite/PDFA-1b/6.6 Actions/6.6.1 General/isartor-6-6-1-t04-fail-f.pdf]" classname="org.apache.pdfbox.preflight.TestIsartorBavaria" time="0.004"/>
  <testcase name="validate[target/pdfs/Isartor testsuite/PDFA-1b/6.6 Actions/6.6.1 General/isartor-6-6-1-t04-fail-g.pdf]" classname="org.apache.pdfbox.preflight.TestIsartorBavaria" time="0.005"/>
  <testcase name="validate[target/pdfs/Isartor testsuite/PDFA-1b/6.6 Actions/6.6.1 General/isartor-6-6-1-t01-fail-b.pdf]" classname="org.apache.pdfbox.preflight.TestIsartorBavaria" time="0.005"/>
  <testcase name="validate[target/pdfs/Isartor testsuite/PDFA-1b/6.6 Actions/6.6.1 General/isartor-6-6-1-t04-fail-e.pdf]" classname="org.apache.pdfbox.preflight.TestIsartorBavaria" time="0.004"/>
  <testcase name="validate[target/pdfs/Isartor testsuite/PDFA-1b/6.6 Actions/6.6.1 General/isartor-6-6-1-t04-fail-d.pdf]" classname="org.apache.pdfbox.preflight.TestIsartorBavaria" time="0.004"/>
  <testcase name="validate[target/pdfs/Isartor testsuite/PDFA-1b/6.6 Actions/6.6.1 General/isartor-6-6-1-t01-fail-a.pdf]" classname="org.apache.pdfbox.preflight.TestIsartorBavaria" time="0.003"/>
  <testcase name="validate[target/pdfs/Isartor testsuite/PDFA-1b/6.6 Actions/6.6.1 General/isartor-6-6-1-t03-fail-d.pdf]" classname="org.apache.pdfbox.preflight.TestIsartorBavaria" time="0.004"/>
  <testcase name="validate[target/pdfs/Isartor testsuite/PDFA-1b/6.6 Actions/6.6.1 General/isartor-6-6-1-t03-fail-e.pdf]" classname="org.apache.pdfbox.preflight.TestIsartorBavaria" time="0.004"/>
  <testcase name="validate[target/pdfs/Isartor testsuite/PDFA-1b/6.6 Actions/6.6.1 General/isartor-6-6-1-t03-fail-g.pdf]" classname="org.apache.pdfbox.preflight.TestIsartorBavaria" time="0.005"/>
  <testcase name="validate[target/pdfs/Isartor testsuite/PDFA-1b/6.6 Actions/6.6.1 General/isartor-6-6-1-t03-fail-f.pdf]" classname="org.apache.pdfbox.preflight.TestIsartorBavaria" time="0.005"/>
  <testcase name="validate[target/pdfs/Isartor testsuite/PDFA-1b/6.6 Actions/6.6.1 General/isartor-6-6-1-t03-fail-b.pdf]" classname="org.apache.pdfbox.preflight.TestIsartorBavaria" time="0.004"/>
  <testcase name="validate[target/pdfs/Isartor testsuite/PDFA-1b/6.6 Actions/6.6.1 General/isartor-6-6-1-t03-fail-c.pdf]" classname="org.apache.pdfbox.preflight.TestIsartorBavaria" time="0.008"/>
  <testcase name="validate[target/pdfs/Isartor testsuite/PDFA-1b/6.6 Actions/6.6.1 General/isartor-6-6-1-t03-fail-a.pdf]" classname="org.apache.pdfbox.preflight.TestIsartorBavaria" time="0.005"/>
  <testcase name="validate[target/pdfs/Isartor testsuite/PDFA-1b/6.6 Actions/6.6.2 Trigger events/isartor-6-6-2-t01-fail-a.pdf]" classname="org.apache.pdfbox.preflight.TestIsartorBavaria" time="0.003"/>
  <testcase name="validate[target/pdfs/Isartor testsuite/PDFA-1b/6.3 Fonts/6.3.3 Composite fonts/6.3.3.2 CIDFonts/isartor-6-3-3-2-t01-fail-a.pdf]" classname="org.apache.pdfbox.preflight.TestIsartorBavaria" time="0.008"/>
  <testcase name="validate[target/pdfs/Isartor testsuite/PDFA-1b/6.3 Fonts/6.3.3 Composite fonts/6.3.3.3 CMaps/isartor-6-3-3-3-t01-fail-a.pdf]" classname="org.apache.pdfbox.preflight.TestIsartorBavaria" time="0.22"/>
  <testcase name="validate[target/pdfs/Isartor testsuite/PDFA-1b/6.3 Fonts/6.3.3 Composite fonts/6.3.3.3 CMaps/isartor-6-3-3-3-t02-fail-a.pdf]" classname="org.apache.pdfbox.preflight.TestIsartorBavaria" time="0.03"/>
  <testcase name="validate[target/pdfs/Isartor testsuite/PDFA-1b/6.3 Fonts/6.3.3 Composite fonts/6.3.3.1 General/isartor-6-3-3-1-t01-fail-a.pdf]" classname="org.apache.pdfbox.preflight.TestIsartorBavaria" time="0.042"/>
  <testcase name="validate[target/pdfs/Isartor testsuite/PDFA-1b/6.3 Fonts/6.3.3 Composite fonts/6.3.3.1 General/isartor-6-3-3-1-t01-fail-b.pdf]" classname="org.apache.pdfbox.preflight.TestIsartorBavaria" time="0.028"/>
  <testcase name="validate[target/pdfs/Isartor testsuite/PDFA-1b/6.3 Fonts/6.3.2 Font types/isartor-6-3-2-t01-fail-a.pdf]" classname="org.apache.pdfbox.preflight.TestIsartorBavaria" time="0.075"/>
  <testcase name="validate[target/pdfs/Isartor testsuite/PDFA-1b/6.3 Fonts/6.3.2 Font types/isartor-6-3-2-t01-fail-b.pdf]" classname="org.apache.pdfbox.preflight.TestIsartorBavaria" time="0.03"/>
  <testcase name="validate[target/pdfs/Isartor testsuite/PDFA-1b/6.3 Fonts/6.3.2 Font types/isartor-6-3-2-t01-fail-c.pdf]" classname="org.apache.pdfbox.preflight.TestIsartorBavaria" time="0.022"/>
  <testcase name="validate[target/pdfs/Isartor testsuite/PDFA-1b/6.3 Fonts/6.3.7 Character encodings/isartor-6-3-7-t02-fail-a.pdf]" classname="org.apache.pdfbox.preflight.TestIsartorBavaria" time="0"/>
  <testcase name="validate[target/pdfs/Isartor testsuite/PDFA-1b/6.3 Fonts/6.3.7 Character encodings/isartor-6-3-7-t03-fail-a.pdf]" classname="org.apache.pdfbox.preflight.TestIsartorBavaria" time="0.008"/>
  <testcase name="validate[target/pdfs/Isartor testsuite/PDFA-1b/6.3 Fonts/6.3.7 Character encodings/isartor-6-3-7-t01-fail-a.pdf]" classname="org.apache.pdfbox.preflight.TestIsartorBavaria" time="0.008"/>
  <testcase name="validate[target/pdfs/Isartor testsuite/PDFA-1b/6.3 Fonts/6.3.6 Font metrics/isartor-6-3-6-t01-fail-c.pdf]" classname="org.apache.pdfbox.preflight.TestIsartorBavaria" time="0.035"/>
  <testcase name="validate[target/pdfs/Isartor testsuite/PDFA-1b/6.3 Fonts/6.3.6 Font metrics/isartor-6-3-6-t01-fail-b.pdf]" classname="org.apache.pdfbox.preflight.TestIsartorBavaria" time="0.022"/>
  <testcase name="validate[target/pdfs/Isartor testsuite/PDFA-1b/6.3 Fonts/6.3.6 Font metrics/isartor-6-3-6-t01-fail-a.pdf]" classname="org.apache.pdfbox.preflight.TestIsartorBavaria" time="0.024"/>
  <testcase name="validate[target/pdfs/Isartor testsuite/PDFA-1b/6.3 Fonts/6.3.5 Font subsets/isartor-6-3-5-t02-fail-a.pdf]" classname="org.apache.pdfbox.preflight.TestIsartorBavaria" time="0.009"/>
  <testcase name="validate[target/pdfs/Isartor testsuite/PDFA-1b/6.3 Fonts/6.3.5 Font subsets/isartor-6-3-5-t01-fail-b.pdf]" classname="org.apache.pdfbox.preflight.TestIsartorBavaria" time="0.008"/>
  <testcase name="validate[target/pdfs/Isartor testsuite/PDFA-1b/6.3 Fonts/6.3.5 Font subsets/isartor-6-3-5-t01-fail-c.pdf]" classname="org.apache.pdfbox.preflight.TestIsartorBavaria" time="0.009"/>
  <testcase name="validate[target/pdfs/Isartor testsuite/PDFA-1b/6.3 Fonts/6.3.5 Font subsets/isartor-6-3-5-t01-fail-a.pdf]" classname="org.apache.pdfbox.preflight.TestIsartorBavaria" time="0.011"/>
  <testcase name="validate[target/pdfs/Isartor testsuite/PDFA-1b/6.3 Fonts/6.3.5 Font subsets/isartor-6-3-5-t01-fail-d.pdf]" classname="org.apache.pdfbox.preflight.TestIsartorBavaria" time="0.007"/>
  <testcase name="validate[target/pdfs/Isartor testsuite/PDFA-1b/6.3 Fonts/6.3.5 Font subsets/isartor-6-3-5-t03-fail-a.pdf]" classname="org.apache.pdfbox.preflight.TestIsartorBavaria" time="0.006"/>
  <testcase name="validate[target/pdfs/Isartor testsuite/PDFA-1b/6.3 Fonts/6.3.4 Embedded font programs/isartor-6-3-4-t01-fail-h.pdf]" classname="org.apache.pdfbox.preflight.TestIsartorBavaria" time="0.005"/>
  <testcase name="validate[target/pdfs/Isartor testsuite/PDFA-1b/6.3 Fonts/6.3.4 Embedded font programs/isartor-6-3-4-t01-fail-f.pdf]" classname="org.apache.pdfbox.preflight.TestIsartorBavaria" time="0.011"/>
  <testcase name="validate[target/pdfs/Isartor testsuite/PDFA-1b/6.3 Fonts/6.3.4 Embedded font programs/isartor-6-3-4-t01-fail-g.pdf]" classname="org.apache.pdfbox.preflight.TestIsartorBavaria" time="0.006"/>
  <testcase name="validate[target/pdfs/Isartor testsuite/PDFA-1b/6.3 Fonts/6.3.4 Embedded font programs/isartor-6-3-4-t01-fail-e.pdf]" classname="org.apache.pdfbox.preflight.TestIsartorBavaria" time="0.005"/>
  <testcase name="validate[target/pdfs/Isartor testsuite/PDFA-1b/6.3 Fonts/6.3.4 Embedded font programs/isartor-6-3-4-t01-fail-d.pdf]" classname="org.apache.pdfbox.preflight.TestIsartorBavaria" time="0.005"/>
  <testcase name="validate[target/pdfs/Isartor testsuite/PDFA-1b/6.3 Fonts/6.3.4 Embedded font programs/isartor-6-3-4-t01-fail-a.pdf]" classname="org.apache.pdfbox.preflight.TestIsartorBavaria" time="0.004"/>
  <testcase name="validate[target/pdfs/Isartor testsuite/PDFA-1b/6.3 Fonts/6.3.4 Embedded font programs/isartor-6-3-4-t01-fail-c.pdf]" classname="org.apache.pdfbox.preflight.TestIsartorBavaria" time="0.092"/>
  <testcase name="validate[target/pdfs/Isartor testsuite/PDFA-1b/6.3 Fonts/6.3.4 Embedded font programs/isartor-6-3-4-t01-fail-b.pdf]" classname="org.apache.pdfbox.preflight.TestIsartorBavaria" time="0.009"/>
  <testcase name="validate[target/pdfs/Isartor testsuite/PDFA-1b/6.1 File structure/6.1.7 Stream objects/isartor-6-1-7-t03-fail-a.pdf]" classname="org.apache.pdfbox.preflight.TestIsartorBavaria" time="0.004"/>
  <testcase name="validate[target/pdfs/Isartor testsuite/PDFA-1b/6.1 File structure/6.1.7 Stream objects/isartor-6-1-7-t04-fail-a.pdf]" classname="org.apache.pdfbox.preflight.TestIsartorBavaria" time="0.004"/>
  <testcase name="validate[target/pdfs/Isartor testsuite/PDFA-1b/6.1 File structure/6.1.7 Stream objects/isartor-6-1-7-t04-fail-c.pdf]" classname="org.apache.pdfbox.preflight.TestIsartorBavaria" time="0.004"/>
  <testcase name="validate[target/pdfs/Isartor testsuite/PDFA-1b/6.1 File structure/6.1.7 Stream objects/isartor-6-1-7-t04-fail-b.pdf]" classname="org.apache.pdfbox.preflight.TestIsartorBavaria" time="0.003"/>
  <testcase name="validate[target/pdfs/Isartor testsuite/PDFA-1b/6.1 File structure/6.1.7 Stream objects/isartor-6-1-7-t01-fail-a.pdf]" classname="org.apache.pdfbox.preflight.TestIsartorBavaria" time="0.004"/>
  <testcase name="validate[target/pdfs/Isartor testsuite/PDFA-1b/6.1 File structure/6.1.7 Stream objects/isartor-6-1-7-t02-fail-a.pdf]" classname="org.apache.pdfbox.preflight.TestIsartorBavaria" time="0.003"/>
  <testcase name="validate[target/pdfs/Isartor testsuite/PDFA-1b/6.1 File structure/6.1.8 Indirect objects/isartor-6-1-8-t06-fail-a.pdf]" classname="org.apache.pdfbox.preflight.TestIsartorBavaria" time="0.007"/>
  <testcase name="validate[target/pdfs/Isartor testsuite/PDFA-1b/6.1 File structure/6.1.8 Indirect objects/isartor-6-1-8-t03-fail-a.pdf]" classname="org.apache.pdfbox.preflight.TestIsartorBavaria" time="0.007"/>
  <testcase name="validate[target/pdfs/Isartor testsuite/PDFA-1b/6.1 File structure/6.1.8 Indirect objects/isartor-6-1-8-t04-fail-a.pdf]" classname="org.apache.pdfbox.preflight.TestIsartorBavaria" time="0.009"/>
  <testcase name="validate[target/pdfs/Isartor testsuite/PDFA-1b/6.1 File structure/6.1.8 Indirect objects/isartor-6-1-8-t01-fail-a.pdf]" classname="org.apache.pdfbox.preflight.TestIsartorBavaria" time="0.004"/>
  <testcase name="validate[target/pdfs/Isartor testsuite/PDFA-1b/6.1 File structure/6.1.8 Indirect objects/isartor-6-1-8-t02-fail-a.pdf]" classname="org.apache.pdfbox.preflight.TestIsartorBavaria" time="0.005"/>
  <testcase name="validate[target/pdfs/Isartor testsuite/PDFA-1b/6.1 File structure/6.1.8 Indirect objects/isartor-6-1-8-t05-fail-a.pdf]" classname="org.apache.pdfbox.preflight.TestIsartorBavaria" time="0.003"/>
  <testcase name="validate[target/pdfs/Isartor testsuite/PDFA-1b/6.1 File structure/6.1.11 Embedded Files/isartor-6-1-11-t01-fail-a.pdf]" classname="org.apache.pdfbox.preflight.TestIsartorBavaria" time="0.005"/>
  <testcase name="validate[target/pdfs/Isartor testsuite/PDFA-1b/6.1 File structure/6.1.11 Embedded Files/isartor-6-1-11-t02-fail-a.pdf]" classname="org.apache.pdfbox.preflight.TestIsartorBavaria" time="0.004"/>
  <testcase name="validate[target/pdfs/Isartor testsuite/PDFA-1b/6.1 File structure/6.1.4 Cross reference trailer/isartor-6-1-4-t01-fail-a.pdf]" classname="org.apache.pdfbox.preflight.TestIsartorBavaria" time="0.003"/>
  <testcase name="validate[target/pdfs/Isartor testsuite/PDFA-1b/6.1 File structure/6.1.4 Cross reference trailer/isartor-6-1-4-t02-fail-a.pdf]" classname="org.apache.pdfbox.preflight.TestIsartorBavaria" time="0.003"/>
  <testcase name="validate[target/pdfs/Isartor testsuite/PDFA-1b/6.1 File structure/6.1.3 File trailer/isartor-6-1-3-t04-fail-a.pdf]" classname="org.apache.pdfbox.preflight.TestIsartorBavaria" time="0.004"/>
  <testcase name="validate[target/pdfs/Isartor testsuite/PDFA-1b/6.1 File structure/6.1.3 File trailer/isartor-6-1-3-t01-fail-a.pdf]" classname="org.apache.pdfbox.preflight.TestIsartorBavaria" time="0.004"/>
  <testcase name="validate[target/pdfs/Isartor testsuite/PDFA-1b/6.1 File structure/6.1.3 File trailer/isartor-6-1-3-t03-fail-a.pdf]" classname="org.apache.pdfbox.preflight.TestIsartorBavaria" time="0.004"/>
  <testcase name="validate[target/pdfs/Isartor testsuite/PDFA-1b/6.1 File structure/6.1.3 File trailer/isartor-6-1-3-t02-fail-a.pdf]" classname="org.apache.pdfbox.preflight.TestIsartorBavaria" time="0.016"/>
  <testcase name="validate[target/pdfs/Isartor testsuite/PDFA-1b/6.1 File structure/6.1.2 File header/isartor-6-1-2-t01-fail-a.pdf]" classname="org.apache.pdfbox.preflight.TestIsartorBavaria" time="0.001"/>
  <testcase name="validate[target/pdfs/Isartor testsuite/PDFA-1b/6.1 File structure/6.1.2 File header/isartor-6-1-2-t02-fail-a.pdf]" classname="org.apache.pdfbox.preflight.TestIsartorBavaria" time="0.002"/>
  <testcase name="validate[target/pdfs/Isartor testsuite/PDFA-1b/6.1 File structure/6.1.12 Implementation Limits/isartor-6-1-12-t01-fail-b.pdf]" classname="org.apache.pdfbox.preflight.TestIsartorBavaria" time="0.005"/>
  <testcase name="validate[target/pdfs/Isartor testsuite/PDFA-1b/6.1 File structure/6.1.12 Implementation Limits/isartor-6-1-12-t01-fail-c.pdf]" classname="org.apache.pdfbox.preflight.TestIsartorBavaria" time="0.006"/>
  <testcase name="validate[target/pdfs/Isartor testsuite/PDFA-1b/6.1 File structure/6.1.12 Implementation Limits/isartor-6-1-12-t01-fail-a.pdf]" classname="org.apache.pdfbox.preflight.TestIsartorBavaria" time="0.522"/>
  <testcase name="validate[target/pdfs/Isartor testsuite/PDFA-1b/6.1 File structure/6.1.12 Implementation Limits/isartor-6-1-12-t01-fail-d.pdf]" classname="org.apache.pdfbox.preflight.TestIsartorBavaria" time="0.004"/>
  <testcase name="validate[target/pdfs/Isartor testsuite/PDFA-1b/6.1 File structure/6.1.13 Optional content/isartor-6-1-13-t01-fail-a.pdf]" classname="org.apache.pdfbox.preflight.TestIsartorBavaria" time="0.004"/>
  <testcase name="validate[target/pdfs/Isartor testsuite/PDFA-1b/6.1 File structure/6.1.10 Filters/isartor-6-1-10-t01-fail-a.pdf]" classname="org.apache.pdfbox.preflight.TestIsartorBavaria" time="0.003"/>
  <testcase name="validate[target/pdfs/Isartor testsuite/PDFA-1b/6.1 File structure/6.1.10 Filters/isartor-6-1-10-t01-fail-b.pdf]" classname="org.apache.pdfbox.preflight.TestIsartorBavaria" time="0.003"/>
  <testcase name="validate[target/pdfs/Isartor testsuite/PDFA-1b/6.1 File structure/6.1.10 Filters/isartor-6-1-10-t01-fail-c.pdf]" classname="org.apache.pdfbox.preflight.TestIsartorBavaria" time="0.004"/>
  <testcase name="validate[target/pdfs/Isartor testsuite/PDFA-1b/6.1 File structure/6.1.6 String objects/isartor-6-1-6-t01-fail-a.pdf]" classname="org.apache.pdfbox.preflight.TestIsartorBavaria" time="0.003"/>
  <testcase name="validate[target/pdfs/Isartor testsuite/PDFA-1b/6.7 Metadata/6.7.8 Extension schemas/isartor-6-7-8-t02-fail-f.pdf]" classname="org.apache.pdfbox.preflight.TestIsartorBavaria" time="0.004"/>
  <testcase name="validate[target/pdfs/Isartor testsuite/PDFA-1b/6.7 Metadata/6.7.8 Extension schemas/isartor-6-7-8-t02-fail-g.pdf]" classname="org.apache.pdfbox.preflight.TestIsartorBavaria" time="0.003"/>
  <testcase name="validate[target/pdfs/Isartor testsuite/PDFA-1b/6.7 Metadata/6.7.8 Extension schemas/isartor-6-7-8-t02-fail-e.pdf]" classname="org.apache.pdfbox.preflight.TestIsartorBavaria" time="0.003"/>
  <testcase name="validate[target/pdfs/Isartor testsuite/PDFA-1b/6.7 Metadata/6.7.8 Extension schemas/isartor-6-7-8-t02-fail-d.pdf]" classname="org.apache.pdfbox.preflight.TestIsartorBavaria" time="0.003"/>
  <testcase name="validate[target/pdfs/Isartor testsuite/PDFA-1b/6.7 Metadata/6.7.8 Extension schemas/isartor-6-7-8-t02-fail-a.pdf]" classname="org.apache.pdfbox.preflight.TestIsartorBavaria" time="0.004"/>
  <testcase name="validate[target/pdfs/Isartor testsuite/PDFA-1b/6.7 Metadata/6.7.8 Extension schemas/isartor-6-7-8-t02-fail-c.pdf]" classname="org.apache.pdfbox.preflight.TestIsartorBavaria" time="0.003"/>
  <testcase name="validate[target/pdfs/Isartor testsuite/PDFA-1b/6.7 Metadata/6.7.8 Extension schemas/isartor-6-7-8-t02-fail-b.pdf]" classname="org.apache.pdfbox.preflight.TestIsartorBavaria" time="0.002"/>
  <testcase name="validate[target/pdfs/Isartor testsuite/PDFA-1b/6.7 Metadata/6.7.8 Extension schemas/isartor-6-7-8-t01-fail-a.pdf]" classname="org.apache.pdfbox.preflight.TestIsartorBavaria" time="0.003"/>
  <testcase name="validate[target/pdfs/Isartor testsuite/PDFA-1b/6.7 Metadata/6.7.8 Extension schemas/isartor-6-7-8-t02-fail-i.pdf]" classname="org.apache.pdfbox.preflight.TestIsartorBavaria" time="0.002"/>
  <testcase name="validate[target/pdfs/Isartor testsuite/PDFA-1b/6.7 Metadata/6.7.8 Extension schemas/isartor-6-7-8-t02-fail-h.pdf]" classname="org.apache.pdfbox.preflight.TestIsartorBavaria" time="0.002"/>
  <testcase name="validate[target/pdfs/Isartor testsuite/PDFA-1b/6.7 Metadata/6.7.8 Extension schemas/isartor-6-7-8-t02-fail-j.pdf]" classname="org.apache.pdfbox.preflight.TestIsartorBavaria" time="0.004"/>
  <testcase name="validate[target/pdfs/Isartor testsuite/PDFA-1b/6.7 Metadata/6.7.8 Extension schemas/isartor-6-7-8-t02-fail-k.pdf]" classname="org.apache.pdfbox.preflight.TestIsartorBavaria" time="0.003"/>
  <testcase name="validate[target/pdfs/Isartor testsuite/PDFA-1b/6.7 Metadata/6.7.11 Version and conformance level identification/isartor-6-7-11-t01-fail-d.pdf]" classname="org.apache.pdfbox.preflight.TestIsartorBavaria" time="0.003"/>
  <testcase name="validate[target/pdfs/Isartor testsuite/PDFA-1b/6.7 Metadata/6.7.11 Version and conformance level identification/isartor-6-7-11-t01-fail-a.pdf]" classname="org.apache.pdfbox.preflight.TestIsartorBavaria" time="0.003"/>
  <testcase name="validate[target/pdfs/Isartor testsuite/PDFA-1b/6.7 Metadata/6.7.11 Version and conformance level identification/isartor-6-7-11-t01-fail-c.pdf]" classname="org.apache.pdfbox.preflight.TestIsartorBavaria" time="0.003"/>
  <testcase name="validate[target/pdfs/Isartor testsuite/PDFA-1b/6.7 Metadata/6.7.11 Version and conformance level identification/isartor-6-7-11-t01-fail-b.pdf]" classname="org.apache.pdfbox.preflight.TestIsartorBavaria" time="0.004"/>
  <testcase name="validate[target/pdfs/Isartor testsuite/PDFA-1b/6.7 Metadata/6.7.9 Validation/isartor-6-7-9-t01-fail-a.pdf]" classname="org.apache.pdfbox.preflight.TestIsartorBavaria" time="0.007"/>
  <testcase name="validate[target/pdfs/Isartor testsuite/PDFA-1b/6.7 Metadata/6.7.2 Properties/isartor-6-7-2-t02-fail-b.pdf]" classname="org.apache.pdfbox.preflight.TestIsartorBavaria" time="0.002"/>
  <testcase name="validate[target/pdfs/Isartor testsuite/PDFA-1b/6.7 Metadata/6.7.2 Properties/isartor-6-7-2-t02-fail-c.pdf]" classname="org.apache.pdfbox.preflight.TestIsartorBavaria" time="0.003"/>
  <testcase name="validate[target/pdfs/Isartor testsuite/PDFA-1b/6.7 Metadata/6.7.2 Properties/isartor-6-7-2-t02-fail-a.pdf]" classname="org.apache.pdfbox.preflight.TestIsartorBavaria" time="0.002"/>
  <testcase name="validate[target/pdfs/Isartor testsuite/PDFA-1b/6.7 Metadata/6.7.2 Properties/isartor-6-7-2-t01-fail-a.pdf]" classname="org.apache.pdfbox.preflight.TestIsartorBavaria" time="0.002"/>
  <testcase name="validate[target/pdfs/Isartor testsuite/PDFA-1b/6.7 Metadata/6.7.2 Properties/isartor-6-7-2-t03-fail-a.pdf]" classname="org.apache.pdfbox.preflight.TestIsartorBavaria" time="0.002"/>
  <testcase name="validate[target/pdfs/Isartor testsuite/PDFA-1b/6.7 Metadata/6.7.3 Document information dictionary/isartor-6-7-3-t01-fail-a.pdf]" classname="org.apache.pdfbox.preflight.TestIsartorBavaria" time="0.004"/>
  <testcase name="validate[target/pdfs/Isartor testsuite/PDFA-1b/6.7 Metadata/6.7.3 Document information dictionary/isartor-6-7-3-t01-fail-b.pdf]" classname="org.apache.pdfbox.preflight.TestIsartorBavaria" time="0.004"/>
  <testcase name="validate[target/pdfs/Isartor testsuite/PDFA-1b/6.7 Metadata/6.7.3 Document information dictionary/isartor-6-7-3-t01-fail-c.pdf]" classname="org.apache.pdfbox.preflight.TestIsartorBavaria" time="0.004"/>
  <testcase name="validate[target/pdfs/Isartor testsuite/PDFA-1b/6.7 Metadata/6.7.5 XMP header/isartor-6-7-5-t02-fail-a.pdf]" classname="org.apache.pdfbox.preflight.TestIsartorBavaria" time="0.003"/>
  <testcase name="validate[target/pdfs/Isartor testsuite/PDFA-1b/6.7 Metadata/6.7.5 XMP header/isartor-6-7-5-t01-fail-a.pdf]" classname="org.apache.pdfbox.preflight.TestIsartorBavaria" time="0.003"/>
  <testcase name="validate[target/pdfs/Isartor testsuite/PDFA-1b/6.9 Interactive Forms/isartor-6-9-t02-fail-a.pdf]" classname="org.apache.pdfbox.preflight.TestIsartorBavaria" time="0.01"/>
  <testcase name="validate[target/pdfs/Isartor testsuite/PDFA-1b/6.9 Interactive Forms/isartor-6-9-t02-fail-b.pdf]" classname="org.apache.pdfbox.preflight.TestIsartorBavaria" time="0.012"/>
  <testcase name="validate[target/pdfs/Isartor testsuite/PDFA-1b/6.9 Interactive Forms/isartor-6-9-t01-fail-a.pdf]" classname="org.apache.pdfbox.preflight.TestIsartorBavaria" time="0.005"/>
</testsuite>