<?xml version="1.0" encoding="UTF-8"?>
<testsuite xmlns:xsi="http://www.w3.org/2001/XMLSchema-instance" xsi:noNamespaceSchemaLocation="https://maven.apache.org/surefire/maven-surefire-plugin/xsd/surefire-test-report.xsd" name="org.apache.pdfbox.pdmodel.common.function.TestFunctions" time="0.042" tests="46" errors="0" skipped="0" failures="0">
  <properties>
    <property name="gopherProxySet" value="false"/>
    <property name="awt.toolkit" value="sun.lwawt.macosx.LWCToolkit"/>
    <property name="java.specification.version" value="1.8"/>
    <property name="file.encoding.pkg" value="sun.io"/>
    <property name="sun.cpu.isalist" value=""/>
    <property name="sun.jnu.encoding" value="UTF-8"/>
    <property name="java.class.path" value="/Users/margaretwalter/Desktop/Projects/PeerReview/lib/pdfbox-2.0.15/pdfbox/target/test-classes:/Users/margaretwalter/Desktop/Projects/PeerReview/lib/pdfbox-2.0.15/pdfbox/target/classes:/Users/margaretwalter/Desktop/Projects/PeerReview/lib/pdfbox-2.0.15/fontbox/target/fontbox-2.0.15.jar:/Users/margaretwalter/.m2/repository/commons-logging/commons-logging/1.2/commons-logging-1.2.jar:/Users/margaretwalter/.m2/repository/org/bouncycastle/bcmail-jdk15on/1.60/bcmail-jdk15on-1.60.jar:/Users/margaretwalter/.m2/repository/org/bouncycastle/bcpkix-jdk15on/1.60/bcpkix-jdk15on-1.60.jar:/Users/margaretwalter/.m2/repository/org/bouncycastle/bcprov-jdk15on/1.60/bcprov-jdk15on-1.60.jar:/Users/margaretwalter/.m2/repository/junit/junit/4.12/junit-4.12.jar:/Users/margaretwalter/.m2/repository/org/hamcrest/hamcrest-core/1.3/hamcrest-core-1.3.jar:/Users/margaretwalter/.m2/repository/com/googlecode/java-diff-utils/diffutils/1.3.0/diffutils-1.3.0.jar:/Users/margaretwalter/.m2/repository/org/apache/pdfbox/jbig2-imageio/3.0.2/jbig2-imageio-3.0.2.jar:/Users/margaretwalter/.m2/repository/com/github/jai-imageio/jai-imageio-core/1.4.0/jai-imageio-core-1.4.0.jar:/Users/margaretwalter/.m2/repository/com/github/jai-imageio/jai-imageio-jpeg2000/1.3.0/jai-imageio-jpeg2000-1.3.0.jar:"/>
    <property name="java.vm.vendor" value="Oracle Corporation"/>
    <property name="sun.arch.data.model" value="64"/>
    <property name="java.vendor.url" value="http://java.oracle.com/"/>
    <property name="user.timezone" value=""/>
    <property name="java.vm.specification.version" value="1.8"/>
    <property name="os.name" value="Mac OS X"/>
    <property name="user.country" value="US"/>
    <property name="sun.java.launcher" value="SUN_STANDARD"/>
    <property name="sun.boot.library.path" value="/Library/Java/JavaVirtualMachines/jdk1.8.0_162.jdk/Contents/Home/jre/lib"/>
    <property name="sun.java.command" value="/Users/margaretwalter/Desktop/Projects/PeerReview/lib/pdfbox-2.0.15/pdfbox/target/surefire/surefirebooter2736648983912368571.jar /Users/margaretwalter/Desktop/Projects/PeerReview/lib/pdfbox-2.0.15/pdfbox/target/surefire 2019-05-29T13-31-16_120-jvmRun1 surefire8886513945018487713tmp surefire_21466694552041943914tmp"/>
    <property name="http.nonProxyHosts" value="local|*.local|169.254/16|*.169.254/16"/>
    <property name="surefire.test.class.path" value="/Users/margaretwalter/Desktop/Projects/PeerReview/lib/pdfbox-2.0.15/pdfbox/target/test-classes:/Users/margaretwalter/Desktop/Projects/PeerReview/lib/pdfbox-2.0.15/pdfbox/target/classes:/Users/margaretwalter/Desktop/Projects/PeerReview/lib/pdfbox-2.0.15/fontbox/target/fontbox-2.0.15.jar:/Users/margaretwalter/.m2/repository/commons-logging/commons-logging/1.2/commons-logging-1.2.jar:/Users/margaretwalter/.m2/repository/org/bouncycastle/bcmail-jdk15on/1.60/bcmail-jdk15on-1.60.jar:/Users/margaretwalter/.m2/repository/org/bouncycastle/bcpkix-jdk15on/1.60/bcpkix-jdk15on-1.60.jar:/Users/margaretwalter/.m2/repository/org/bouncycastle/bcprov-jdk15on/1.60/bcprov-jdk15on-1.60.jar:/Users/margaretwalter/.m2/repository/junit/junit/4.12/junit-4.12.jar:/Users/margaretwalter/.m2/repository/org/hamcrest/hamcrest-core/1.3/hamcrest-core-1.3.jar:/Users/margaretwalter/.m2/repository/com/googlecode/java-diff-utils/diffutils/1.3.0/diffutils-1.3.0.jar:/Users/margaretwalter/.m2/repository/org/apache/pdfbox/jbig2-imageio/3.0.2/jbig2-imageio-3.0.2.jar:/Users/margaretwalter/.m2/repository/com/github/jai-imageio/jai-imageio-core/1.4.0/jai-imageio-core-1.4.0.jar:/Users/margaretwalter/.m2/repository/com/github/jai-imageio/jai-imageio-jpeg2000/1.3.0/jai-imageio-jpeg2000-1.3.0.jar:"/>
    <property name="sun.cpu.endian" value="little"/>
    <property name="user.home" value="/Users/margaretwalter"/>
    <property name="user.language" value="en"/>
    <property name="java.specification.vendor" value="Oracle Corporation"/>
    <property name="java.home" value="/Library/Java/JavaVirtualMachines/jdk1.8.0_162.jdk/Contents/Home/jre"/>
    <property name="basedir" value="/Users/margaretwalter/Desktop/Projects/PeerReview/lib/pdfbox-2.0.15/pdfbox"/>
    <property name="file.separator" value="/"/>
    <property name="line.separator" value="&#10;"/>
    <property name="java.vm.specification.vendor" value="Oracle Corporation"/>
    <property name="java.specification.name" value="Java Platform API Specification"/>
    <property name="java.awt.graphicsenv" value="sun.awt.CGraphicsEnvironment"/>
    <property name="surefire.real.class.path" value="/Users/margaretwalter/Desktop/Projects/PeerReview/lib/pdfbox-2.0.15/pdfbox/target/surefire/surefirebooter2736648983912368571.jar"/>
    <property name="sun.boot.class.path" value="/Library/Java/JavaVirtualMachines/jdk1.8.0_162.jdk/Contents/Home/jre/lib/resources.jar:/Library/Java/JavaVirtualMachines/jdk1.8.0_162.jdk/Contents/Home/jre/lib/rt.jar:/Library/Java/JavaVirtualMachines/jdk1.8.0_162.jdk/Contents/Home/jre/lib/sunrsasign.jar:/Library/Java/JavaVirtualMachines/jdk1.8.0_162.jdk/Contents/Home/jre/lib/jsse.jar:/Library/Java/JavaVirtualMachines/jdk1.8.0_162.jdk/Contents/Home/jre/lib/jce.jar:/Library/Java/JavaVirtualMachines/jdk1.8.0_162.jdk/Contents/Home/jre/lib/charsets.jar:/Library/Java/JavaVirtualMachines/jdk1.8.0_162.jdk/Contents/Home/jre/lib/jfr.jar:/Library/Java/JavaVirtualMachines/jdk1.8.0_162.jdk/Contents/Home/jre/classes"/>
    <property name="java.util.logging.config.file" value="src/test/resources/logging.properties"/>
    <property name="sun.management.compiler" value="HotSpot 64-Bit Tiered Compilers"/>
    <property name="ftp.nonProxyHosts" value="local|*.local|169.254/16|*.169.254/16"/>
    <property name="java.runtime.version" value="1.8.0_162-b12"/>
    <property name="user.name" value="margaretwalter"/>
    <property name="path.separator" value=":"/>
    <property name="os.version" value="10.14.5"/>
    <property name="java.endorsed.dirs" value="/Library/Java/JavaVirtualMachines/jdk1.8.0_162.jdk/Contents/Home/jre/lib/endorsed"/>
    <property name="java.runtime.name" value="Java(TM) SE Runtime Environment"/>
    <property name="file.encoding" value="UTF-8"/>
    <property name="java.vm.name" value="Java HotSpot(TM) 64-Bit Server VM"/>
    <property name="localRepository" value="/Users/margaretwalter/.m2/repository"/>
    <property name="java.vendor.url.bug" value="http://bugreport.sun.com/bugreport/"/>
    <property name="java.io.tmpdir" value="/var/folders/qt/xsgpjqvx6lxby08mt7hw56cr0000gn/T/"/>
    <property name="java.version" value="1.8.0_162"/>
    <property name="user.dir" value="/Users/margaretwalter/Desktop/Projects/PeerReview/lib/pdfbox-2.0.15/pdfbox"/>
    <property name="os.arch" value="x86_64"/>
    <property name="java.vm.specification.name" value="Java Virtual Machine Specification"/>
    <property name="java.awt.printerjob" value="sun.lwawt.macosx.CPrinterJob"/>
    <property name="sun.os.patch.level" value="unknown"/>
    <property name="java.library.path" value="/Users/margaretwalter/Library/Java/Extensions:/Library/Java/Extensions:/Network/Library/Java/Extensions:/System/Library/Java/Extensions:/usr/lib/java:."/>
    <property name="java.vm.info" value="mixed mode"/>
    <property name="java.vendor" value="Oracle Corporation"/>
    <property name="java.vm.version" value="25.162-b12"/>
    <property name="java.ext.dirs" value="/Users/margaretwalter/Library/Java/Extensions:/Library/Java/JavaVirtualMachines/jdk1.8.0_162.jdk/Contents/Home/jre/lib/ext:/Library/Java/Extensions:/Network/Library/Java/Extensions:/System/Library/Java/Extensions:/usr/lib/java"/>
    <property name="sun.io.unicode.encoding" value="UnicodeBig"/>
    <property name="java.class.version" value="52.0"/>
    <property name="socksNonProxyHosts" value="local|*.local|169.254/16|*.169.254/16"/>
  </properties>
  <testcase name="testTruncate" classname="org.apache.pdfbox.pdmodel.common.function.type4.TestOperators" time="0.024"/>
  <testcase name="testAbs" classname="org.apache.pdfbox.pdmodel.common.function.type4.TestOperators" time="0"/>
  <testcase name="testAdd" classname="org.apache.pdfbox.pdmodel.common.function.type4.TestOperators" time="0"/>
  <testcase name="testAnd" classname="org.apache.pdfbox.pdmodel.common.function.type4.TestOperators" time="0"/>
  <testcase name="testCos" classname="org.apache.pdfbox.pdmodel.common.function.type4.TestOperators" time="0"/>
  <testcase name="testCvi" classname="org.apache.pdfbox.pdmodel.common.function.type4.TestOperators" time="0.001"/>
  <testcase name="testCvr" classname="org.apache.pdfbox.pdmodel.common.function.type4.TestOperators" time="0"/>
  <testcase name="testDiv" classname="org.apache.pdfbox.pdmodel.common.function.type4.TestOperators" time="0"/>
  <testcase name="testDup" classname="org.apache.pdfbox.pdmodel.common.function.type4.TestOperators" time="0"/>
  <testcase name="testExp" classname="org.apache.pdfbox.pdmodel.common.function.type4.TestOperators" time="0.001"/>
  <testcase name="testLog" classname="org.apache.pdfbox.pdmodel.common.function.type4.TestOperators" time="0"/>
  <testcase name="testMod" classname="org.apache.pdfbox.pdmodel.common.function.type4.TestOperators" time="0"/>
  <testcase name="testMul" classname="org.apache.pdfbox.pdmodel.common.function.type4.TestOperators" time="0"/>
  <testcase name="testNeg" classname="org.apache.pdfbox.pdmodel.common.function.type4.TestOperators" time="0"/>
  <testcase name="testNot" classname="org.apache.pdfbox.pdmodel.common.function.type4.TestOperators" time="0.001"/>
  <testcase name="testPop" classname="org.apache.pdfbox.pdmodel.common.function.type4.TestOperators" time="0"/>
  <testcase name="testSin" classname="org.apache.pdfbox.pdmodel.common.function.type4.TestOperators" time="0"/>
  <testcase name="testSub" classname="org.apache.pdfbox.pdmodel.common.function.type4.TestOperators" time="0"/>
  <testcase name="testXor" classname="org.apache.pdfbox.pdmodel.common.function.type4.TestOperators" time="0"/>
  <testcase name="testFloor" classname="org.apache.pdfbox.pdmodel.common.function.type4.TestOperators" time="0"/>
  <testcase name="testIndex" classname="org.apache.pdfbox.pdmodel.common.function.type4.TestOperators" time="0.001"/>
  <testcase name="testRound" classname="org.apache.pdfbox.pdmodel.common.function.type4.TestOperators" time="0"/>
  <testcase name="testAtan" classname="org.apache.pdfbox.pdmodel.common.function.type4.TestOperators" time="0.001"/>
  <testcase name="testCopy" classname="org.apache.pdfbox.pdmodel.common.function.type4.TestOperators" time="0"/>
  <testcase name="testExch" classname="org.apache.pdfbox.pdmodel.common.function.type4.TestOperators" time="0"/>
  <testcase name="testIDiv" classname="org.apache.pdfbox.pdmodel.common.function.type4.TestOperators" time="0"/>
  <testcase name="testRoll" classname="org.apache.pdfbox.pdmodel.common.function.type4.TestOperators" time="0.001"/>
  <testcase name="testSqrt" classname="org.apache.pdfbox.pdmodel.common.function.type4.TestOperators" time="0"/>
  <testcase name="testEq" classname="org.apache.pdfbox.pdmodel.common.function.type4.TestOperators" time="0"/>
  <testcase name="testGe" classname="org.apache.pdfbox.pdmodel.common.function.type4.TestOperators" time="0"/>
  <testcase name="testGt" classname="org.apache.pdfbox.pdmodel.common.function.type4.TestOperators" time="0"/>
  <testcase name="testIf" classname="org.apache.pdfbox.pdmodel.common.function.type4.TestOperators" time="0.001"/>
  <testcase name="testLe" classname="org.apache.pdfbox.pdmodel.common.function.type4.TestOperators" time="0"/>
  <testcase name="testLn" classname="org.apache.pdfbox.pdmodel.common.function.type4.TestOperators" time="0"/>
  <testcase name="testLt" classname="org.apache.pdfbox.pdmodel.common.function.type4.TestOperators" time="0"/>
  <testcase name="testNe" classname="org.apache.pdfbox.pdmodel.common.function.type4.TestOperators" time="0"/>
  <testcase name="testOr" classname="org.apache.pdfbox.pdmodel.common.function.type4.TestOperators" time="0"/>
  <testcase name="testCeiling" classname="org.apache.pdfbox.pdmodel.common.function.type4.TestOperators" time="0.001"/>
  <testcase name="testIfElse" classname="org.apache.pdfbox.pdmodel.common.function.type4.TestOperators" time="0"/>
  <testcase name="testBitshift" classname="org.apache.pdfbox.pdmodel.common.function.type4.TestOperators" time="0"/>
  <testcase name="testJira804" classname="org.apache.pdfbox.pdmodel.common.function.type4.TestParser" time="0"/>
  <testcase name="testParseFloat" classname="org.apache.pdfbox.pdmodel.common.function.type4.TestParser" time="0"/>
  <testcase name="testNested" classname="org.apache.pdfbox.pdmodel.common.function.type4.TestParser" time="0.001"/>
  <testcase name="testParserBasics" classname="org.apache.pdfbox.pdmodel.common.function.type4.TestParser" time="0"/>
  <testcase name="testFunctionArgumentOrder" classname="org.apache.pdfbox.pdmodel.common.function.TestPDFunctionType4" time="0.003"/>
  <testcase name="testFunctionSimple" classname="org.apache.pdfbox.pdmodel.common.function.TestPDFunctionType4" time="0"/>
</testsuite>